This file contains any messages produced by compilers while
running configure, to aid debugging if configure makes a mistake.

It was created by libptrace configure 0.1, which was
generated by GNU Autoconf 2.69.  Invocation command line was

  $ ./configure --no-create --no-recursion

## --------- ##
## Platform. ##
## --------- ##

hostname = Ox31337
uname -m = x86_64
uname -r = 3.8.0-31-generic
uname -s = Linux
uname -v = #46-Ubuntu SMP Tue Sep 10 20:03:44 UTC 2013

/usr/bin/uname -p = unknown
/bin/uname -X     = unknown

/bin/arch              = unknown
/usr/bin/arch -k       = unknown
/usr/convex/getsysinfo = unknown
/usr/bin/hostinfo      = unknown
/bin/machine           = unknown
/usr/bin/oslevel       = unknown
/bin/universe          = unknown

PATH: /usr/local/sbin
PATH: /usr/local/bin
PATH: /usr/sbin
PATH: /usr/bin
PATH: /sbin
PATH: /bin


## ----------- ##
## Core tests. ##
## ----------- ##

configure:2724: checking build system type
configure:2738: result: x86_64-unknown-linux-gnu
configure:2758: checking host system type
configure:2771: result: x86_64-unknown-linux-gnu
configure:2791: checking target system type
configure:2804: result: x86_64-unknown-linux-gnu
configure:2876: checking for a BSD-compatible install
configure:2944: result: /usr/bin/install -c
configure:2955: checking whether build environment is sane
configure:2992: result: yes
configure:3017: checking for a thread-safe mkdir -p
configure:3056: result: /bin/mkdir -p
configure:3069: checking for gawk
configure:3099: result: no
configure:3069: checking for mawk
configure:3085: found /usr/bin/mawk
configure:3096: result: mawk
configure:3107: checking whether make sets $(MAKE)
configure:3129: result: yes
configure:3396: checking for gcc
configure:3412: found /usr/bin/gcc
configure:3423: result: gcc
configure:3652: checking for C compiler version
configure:3661: gcc --version >&5
gcc (Ubuntu/Linaro 4.7.3-1ubuntu1) 4.7.3
Copyright (C) 2012 Free Software Foundation, Inc.
This is free software; see the source for copying conditions.  There is NO
warranty; not even for MERCHANTABILITY or FITNESS FOR A PARTICULAR PURPOSE.

configure:3672: $? = 0
configure:3661: gcc -v >&5
Using built-in specs.
COLLECT_GCC=gcc
COLLECT_LTO_WRAPPER=/usr/lib/gcc/x86_64-linux-gnu/4.7/lto-wrapper
Target: x86_64-linux-gnu
Configured with: ../src/configure -v --with-pkgversion='Ubuntu/Linaro 4.7.3-1ubuntu1' --with-bugurl=file:///usr/share/doc/gcc-4.7/README.Bugs --enable-languages=c,c++,go,fortran,objc,obj-c++ --prefix=/usr --program-suffix=-4.7 --enable-shared --enable-linker-build-id --libexecdir=/usr/lib --without-included-gettext --enable-threads=posix --with-gxx-include-dir=/usr/include/c++/4.7 --libdir=/usr/lib --enable-nls --with-sysroot=/ --enable-clocale=gnu --enable-libstdcxx-debug --enable-libstdcxx-time=yes --enable-gnu-unique-object --enable-plugin --with-system-zlib --enable-objc-gc --with-cloog --enable-cloog-backend=ppl --disable-cloog-version-check --disable-ppl-version-check --enable-multiarch --disable-werror --with-arch-32=i686 --with-abi=m64 --with-multilib-list=m32,m64,mx32 --with-tune=generic --enable-checking=release --build=x86_64-linux-gnu --host=x86_64-linux-gnu --target=x86_64-linux-gnu
Thread model: posix
gcc version 4.7.3 (Ubuntu/Linaro 4.7.3-1ubuntu1) 
configure:3672: $? = 0
configure:3661: gcc -V >&5
gcc: error: unrecognized command line option '-V'
gcc: fatal error: no input files
compilation terminated.
configure:3672: $? = 4
configure:3661: gcc -qversion >&5
gcc: error: unrecognized command line option '-qversion'
gcc: fatal error: no input files
compilation terminated.
configure:3672: $? = 4
configure:3692: checking whether the C compiler works
configure:3714: gcc    conftest.c  >&5
configure:3718: $? = 0
configure:3766: result: yes
configure:3769: checking for C compiler default output file name
configure:3771: result: a.out
configure:3777: checking for suffix of executables
configure:3784: gcc -o conftest    conftest.c  >&5
configure:3788: $? = 0
configure:3810: result: 
configure:3832: checking whether we are cross compiling
configure:3840: gcc -o conftest    conftest.c  >&5
configure:3844: $? = 0
configure:3851: ./conftest
configure:3855: $? = 0
configure:3870: result: no
configure:3875: checking for suffix of object files
configure:3897: gcc -c   conftest.c >&5
configure:3901: $? = 0
configure:3922: result: o
configure:3926: checking whether we are using the GNU C compiler
configure:3945: gcc -c   conftest.c >&5
configure:3945: $? = 0
configure:3954: result: yes
configure:3963: checking whether gcc accepts -g
configure:3983: gcc -c -g  conftest.c >&5
configure:3983: $? = 0
configure:4024: result: yes
configure:4041: checking for gcc option to accept ISO C89
configure:4104: gcc  -c -g -O2  conftest.c >&5
configure:4104: $? = 0
configure:4117: result: none needed
configure:4148: checking for style of include used by make
configure:4176: result: GNU
configure:4201: checking dependency style of gcc
configure:4292: result: gcc3
configure:4379: checking for a sed that does not truncate output
configure:4435: result: /bin/sed
configure:4438: checking for grep that handles long lines and -e
configure:4496: result: /bin/grep
configure:4501: checking for egrep
configure:4563: result: /bin/grep -E
configure:4579: checking for ld used by gcc
configure:4646: result: /usr/bin/ld
configure:4653: checking if the linker (/usr/bin/ld) is GNU ld
configure:4668: result: yes
configure:4673: checking for /usr/bin/ld option to reload object files
configure:4680: result: -r
configure:4698: checking for BSD-compatible nm
configure:4747: result: /usr/bin/nm -B
configure:4751: checking whether ln -s works
configure:4755: result: yes
configure:4762: checking how to recognize dependent libraries
configure:4948: result: pass_all
configure:5037: gcc -c -g -O2  conftest.c >&5
configure:5040: $? = 0
configure:5168: checking how to run the C preprocessor
configure:5199: gcc -E  conftest.c
configure:5199: $? = 0
configure:5213: gcc -E  conftest.c
conftest.c:11:28: fatal error: ac_nonexistent.h: No such file or directory
compilation terminated.
configure:5213: $? = 1
configure: failed program was:
| /* confdefs.h */
| #define PACKAGE_NAME "libptrace"
| #define PACKAGE_TARNAME "libptrace"
| #define PACKAGE_VERSION "0.1"
| #define PACKAGE_STRING "libptrace 0.1"
| #define PACKAGE_BUGREPORT "scrippie@xs4all.nl"
| #define PACKAGE_URL ""
| #define PACKAGE "libptrace"
| #define VERSION "0.1"
| /* end confdefs.h.  */
| #include <ac_nonexistent.h>
configure:5238: result: gcc -E
configure:5258: gcc -E  conftest.c
configure:5258: $? = 0
configure:5272: gcc -E  conftest.c
conftest.c:11:28: fatal error: ac_nonexistent.h: No such file or directory
compilation terminated.
configure:5272: $? = 1
configure: failed program was:
| /* confdefs.h */
| #define PACKAGE_NAME "libptrace"
| #define PACKAGE_TARNAME "libptrace"
| #define PACKAGE_VERSION "0.1"
| #define PACKAGE_STRING "libptrace 0.1"
| #define PACKAGE_BUGREPORT "scrippie@xs4all.nl"
| #define PACKAGE_URL ""
| #define PACKAGE "libptrace"
| #define VERSION "0.1"
| /* end confdefs.h.  */
| #include <ac_nonexistent.h>
configure:5301: checking for ANSI C header files
configure:5321: gcc -c -g -O2  conftest.c >&5
configure:5321: $? = 0
configure:5394: gcc -o conftest -g -O2   conftest.c  >&5
configure:5394: $? = 0
configure:5394: ./conftest
configure:5394: $? = 0
configure:5405: result: yes
configure:5418: checking for sys/types.h
configure:5418: gcc -c -g -O2  conftest.c >&5
configure:5418: $? = 0
configure:5418: result: yes
configure:5418: checking for sys/stat.h
configure:5418: gcc -c -g -O2  conftest.c >&5
configure:5418: $? = 0
configure:5418: result: yes
configure:5418: checking for stdlib.h
configure:5418: gcc -c -g -O2  conftest.c >&5
configure:5418: $? = 0
configure:5418: result: yes
configure:5418: checking for string.h
configure:5418: gcc -c -g -O2  conftest.c >&5
configure:5418: $? = 0
configure:5418: result: yes
configure:5418: checking for memory.h
configure:5418: gcc -c -g -O2  conftest.c >&5
configure:5418: $? = 0
configure:5418: result: yes
configure:5418: checking for strings.h
configure:5418: gcc -c -g -O2  conftest.c >&5
configure:5418: $? = 0
configure:5418: result: yes
configure:5418: checking for inttypes.h
configure:5418: gcc -c -g -O2  conftest.c >&5
configure:5418: $? = 0
configure:5418: result: yes
configure:5418: checking for stdint.h
configure:5418: gcc -c -g -O2  conftest.c >&5
configure:5418: $? = 0
configure:5418: result: yes
configure:5418: checking for unistd.h
configure:5418: gcc -c -g -O2  conftest.c >&5
configure:5418: $? = 0
configure:5418: result: yes
configure:5432: checking dlfcn.h usability
configure:5432: gcc -c -g -O2  conftest.c >&5
configure:5432: $? = 0
configure:5432: result: yes
configure:5432: checking dlfcn.h presence
configure:5432: gcc -E  conftest.c
configure:5432: $? = 0
configure:5432: result: yes
configure:5432: checking for dlfcn.h
configure:5432: result: yes
configure:5500: checking for g++
configure:5516: found /usr/bin/g++
configure:5527: result: g++
configure:5554: checking for C++ compiler version
configure:5563: g++ --version >&5
g++ (Ubuntu/Linaro 4.7.3-1ubuntu1) 4.7.3
Copyright (C) 2012 Free Software Foundation, Inc.
This is free software; see the source for copying conditions.  There is NO
warranty; not even for MERCHANTABILITY or FITNESS FOR A PARTICULAR PURPOSE.

configure:5574: $? = 0
configure:5563: g++ -v >&5
Using built-in specs.
COLLECT_GCC=g++
COLLECT_LTO_WRAPPER=/usr/lib/gcc/x86_64-linux-gnu/4.7/lto-wrapper
Target: x86_64-linux-gnu
Configured with: ../src/configure -v --with-pkgversion='Ubuntu/Linaro 4.7.3-1ubuntu1' --with-bugurl=file:///usr/share/doc/gcc-4.7/README.Bugs --enable-languages=c,c++,go,fortran,objc,obj-c++ --prefix=/usr --program-suffix=-4.7 --enable-shared --enable-linker-build-id --libexecdir=/usr/lib --without-included-gettext --enable-threads=posix --with-gxx-include-dir=/usr/include/c++/4.7 --libdir=/usr/lib --enable-nls --with-sysroot=/ --enable-clocale=gnu --enable-libstdcxx-debug --enable-libstdcxx-time=yes --enable-gnu-unique-object --enable-plugin --with-system-zlib --enable-objc-gc --with-cloog --enable-cloog-backend=ppl --disable-cloog-version-check --disable-ppl-version-check --enable-multiarch --disable-werror --with-arch-32=i686 --with-abi=m64 --with-multilib-list=m32,m64,mx32 --with-tune=generic --enable-checking=release --build=x86_64-linux-gnu --host=x86_64-linux-gnu --target=x86_64-linux-gnu
Thread model: posix
gcc version 4.7.3 (Ubuntu/Linaro 4.7.3-1ubuntu1) 
configure:5574: $? = 0
configure:5563: g++ -V >&5
g++: error: unrecognized command line option '-V'
g++: fatal error: no input files
compilation terminated.
configure:5574: $? = 4
configure:5563: g++ -qversion >&5
g++: error: unrecognized command line option '-qversion'
g++: fatal error: no input files
compilation terminated.
configure:5574: $? = 4
configure:5578: checking whether we are using the GNU C++ compiler
configure:5597: g++ -c   conftest.cpp >&5
configure:5597: $? = 0
configure:5606: result: yes
configure:5615: checking whether g++ accepts -g
configure:5635: g++ -c -g  conftest.cpp >&5
configure:5635: $? = 0
configure:5676: result: yes
configure:5701: checking dependency style of g++
configure:5792: result: gcc3
configure:5817: checking how to run the C++ preprocessor
configure:5844: g++ -E  conftest.cpp
configure:5844: $? = 0
configure:5858: g++ -E  conftest.cpp
conftest.cpp:22:28: fatal error: ac_nonexistent.h: No such file or directory
compilation terminated.
configure:5858: $? = 1
configure: failed program was:
| /* confdefs.h */
| #define PACKAGE_NAME "libptrace"
| #define PACKAGE_TARNAME "libptrace"
| #define PACKAGE_VERSION "0.1"
| #define PACKAGE_STRING "libptrace 0.1"
| #define PACKAGE_BUGREPORT "scrippie@xs4all.nl"
| #define PACKAGE_URL ""
| #define PACKAGE "libptrace"
| #define VERSION "0.1"
| #define STDC_HEADERS 1
| #define HAVE_SYS_TYPES_H 1
| #define HAVE_SYS_STAT_H 1
| #define HAVE_STDLIB_H 1
| #define HAVE_STRING_H 1
| #define HAVE_MEMORY_H 1
| #define HAVE_STRINGS_H 1
| #define HAVE_INTTYPES_H 1
| #define HAVE_STDINT_H 1
| #define HAVE_UNISTD_H 1
| #define HAVE_DLFCN_H 1
| /* end confdefs.h.  */
| #include <ac_nonexistent.h>
configure:5883: result: g++ -E
configure:5903: g++ -E  conftest.cpp
configure:5903: $? = 0
configure:5917: g++ -E  conftest.cpp
conftest.cpp:22:28: fatal error: ac_nonexistent.h: No such file or directory
compilation terminated.
configure:5917: $? = 1
configure: failed program was:
| /* confdefs.h */
| #define PACKAGE_NAME "libptrace"
| #define PACKAGE_TARNAME "libptrace"
| #define PACKAGE_VERSION "0.1"
| #define PACKAGE_STRING "libptrace 0.1"
| #define PACKAGE_BUGREPORT "scrippie@xs4all.nl"
| #define PACKAGE_URL ""
| #define PACKAGE "libptrace"
| #define VERSION "0.1"
| #define STDC_HEADERS 1
| #define HAVE_SYS_TYPES_H 1
| #define HAVE_SYS_STAT_H 1
| #define HAVE_STDLIB_H 1
| #define HAVE_STRING_H 1
| #define HAVE_MEMORY_H 1
| #define HAVE_STRINGS_H 1
| #define HAVE_INTTYPES_H 1
| #define HAVE_STDINT_H 1
| #define HAVE_UNISTD_H 1
| #define HAVE_DLFCN_H 1
| /* end confdefs.h.  */
| #include <ac_nonexistent.h>
configure:6001: checking for g77
configure:6031: result: no
configure:6001: checking for xlf
configure:6031: result: no
configure:6001: checking for f77
configure:6031: result: no
configure:6001: checking for frt
configure:6031: result: no
configure:6001: checking for pgf77
configure:6031: result: no
configure:6001: checking for cf77
configure:6031: result: no
configure:6001: checking for fort77
configure:6031: result: no
configure:6001: checking for fl32
configure:6031: result: no
configure:6001: checking for af77
configure:6031: result: no
configure:6001: checking for xlf90
configure:6031: result: no
configure:6001: checking for f90
configure:6031: result: no
configure:6001: checking for pgf90
configure:6031: result: no
configure:6001: checking for pghpf
configure:6031: result: no
configure:6001: checking for epcf90
configure:6031: result: no
configure:6001: checking for gfortran
configure:6031: result: no
configure:6001: checking for g95
configure:6031: result: no
configure:6001: checking for xlf95
configure:6031: result: no
configure:6001: checking for f95
configure:6031: result: no
configure:6001: checking for fort
configure:6031: result: no
configure:6001: checking for ifort
configure:6031: result: no
configure:6001: checking for ifc
configure:6031: result: no
configure:6001: checking for efc
configure:6031: result: no
configure:6001: checking for pgfortran
configure:6031: result: no
configure:6001: checking for pgf95
configure:6031: result: no
configure:6001: checking for lf95
configure:6031: result: no
configure:6001: checking for ftn
configure:6031: result: no
configure:6001: checking for nagfor
configure:6031: result: no
configure:6054: checking for Fortran 77 compiler version
configure:6063:  --version >&5
./configure: line 6065: --version: command not found
configure:6074: $? = 127
configure:6063:  -v >&5
./configure: line 6065: -v: command not found
configure:6074: $? = 127
configure:6063:  -V >&5
./configure: line 6065: -V: command not found
configure:6074: $? = 127
configure:6063:  -qversion >&5
./configure: line 6065: -qversion: command not found
configure:6074: $? = 127
configure:6083: checking whether we are using the GNU Fortran 77 compiler
configure:6096:  -c  conftest.F >&5
./configure: line 2153: -c: command not found
configure:6096: $? = 127
configure: failed program was:
|       program main
| #ifndef __GNUC__
|        choke me
| #endif
| 
|       end
configure:6105: result: no
configure:6111: checking whether  accepts -g
configure:6122:  -c -g conftest.f >&5
./configure: line 2153: -c: command not found
configure:6122: $? = 127
configure: failed program was:
|       program main
| 
|       end
configure:6130: result: no
configure:6163: checking the maximum length of command line arguments
configure:6275: result: 3458764513820540925
configure:6287: checking command to parse /usr/bin/nm -B output from gcc object
configure:6392: gcc -c -g -O2  conftest.c >&5
configure:6395: $? = 0
configure:6399: /usr/bin/nm -B conftest.o \| sed -n -e 's/^.*[ 	]\([ABCDGIRSTW][ABCDGIRSTW]*\)[ 	][ 	]*\([_A-Za-z][_A-Za-z0-9]*\)$/\1 \2 \2/p' \> conftest.nm
configure:6402: $? = 0
configure:6454: gcc -o conftest -g -O2   conftest.c conftstm.o >&5
configure:6457: $? = 0
configure:6495: result: ok
configure:6499: checking for objdir
configure:6514: result: .libs
configure:6606: checking for ar
configure:6622: found /usr/bin/ar
configure:6633: result: ar
configure:6698: checking for ranlib
configure:6714: found /usr/bin/ranlib
configure:6725: result: ranlib
configure:6790: checking for strip
configure:6806: found /usr/bin/strip
configure:6817: result: strip
configure:7329: checking for correct ltmain.sh version
configure:7359: result: yes
configure:7419: checking if gcc supports -fno-rtti -fno-exceptions
configure:7437: gcc -c -g -O2  -fno-rtti -fno-exceptions conftest.c >&5
cc1: warning: command line option '-fno-rtti' is valid for C++/ObjC++ but not for C [enabled by default]
configure:7441: $? = 0
configure:7454: result: no
configure:7469: checking for gcc option to produce PIC
configure:7701: result: -fPIC
configure:7709: checking if gcc PIC flag -fPIC works
configure:7727: gcc -c -g -O2  -fPIC -DPIC conftest.c >&5
configure:7731: $? = 0
configure:7744: result: yes
configure:7772: checking if gcc static flag -static works
configure:7800: result: yes
configure:7810: checking if gcc supports -c -o file.o
configure:7831: gcc -c -g -O2  -o out/conftest2.o conftest.c >&5
configure:7835: $? = 0
configure:7857: result: yes
configure:7883: checking whether the gcc linker (/usr/bin/ld -m elf_x86_64) supports shared libraries
configure:8809: result: yes
configure:8830: checking whether -lc should be explicitly linked in
configure:8835: gcc -c -g -O2  conftest.c >&5
configure:8838: $? = 0
configure:8853: gcc -shared conftest.o  -v -Wl,-soname -Wl,conftest -o conftest 2\>\&1 \| grep  -lc  \>/dev/null 2\>\&1
configure:8856: $? = 0
configure:8868: result: no
configure:8876: checking dynamic linker characteristics
configure:9491: result: GNU/Linux ld.so
configure:9515: checking how to hardcode library paths into programs
configure:9540: result: immediate
configure:9554: checking whether stripping libraries is possible
configure:9559: result: yes
configure:10076: checking if libtool supports shared libraries
configure:10078: result: yes
configure:10081: checking whether to build shared libraries
configure:10102: result: yes
configure:10105: checking whether to build static libraries
configure:10109: result: yes
configure:10203: creating libtool
configure:10792: checking for ld used by g++
configure:10859: result: /usr/bin/ld -m elf_x86_64
configure:10866: checking if the linker (/usr/bin/ld -m elf_x86_64) is GNU ld
configure:10881: result: yes
configure:10932: checking whether the g++ linker (/usr/bin/ld -m elf_x86_64) supports shared libraries
configure:11824: result: yes
configure:11841: g++ -c -g -O2  conftest.cpp >&5
configure:11844: $? = 0
configure:12000: checking for g++ option to produce PIC
configure:12284: result: -fPIC
configure:12292: checking if g++ PIC flag -fPIC works
configure:12310: g++ -c -g -O2  -fPIC -DPIC conftest.cpp >&5
configure:12314: $? = 0
configure:12327: result: yes
configure:12355: checking if g++ static flag -static works
configure:12383: result: yes
configure:12393: checking if g++ supports -c -o file.o
configure:12414: g++ -c -g -O2  -o out/conftest2.o conftest.cpp >&5
configure:12418: $? = 0
configure:12440: result: yes
configure:12466: checking whether the g++ linker (/usr/bin/ld -m elf_x86_64) supports shared libraries
configure:12492: result: yes
configure:12559: checking dynamic linker characteristics
configure:13122: result: GNU/Linux ld.so
configure:13146: checking how to hardcode library paths into programs
configure:13171: result: immediate
configure:19357: checking for dlltool
configure:19384: result: dlltool
configure:19410: checking for ANSI C header files
configure:19514: result: yes
configure:19522: checking for sys/wait.h that is POSIX.1 compatible
configure:19548: gcc -c -g -O2  conftest.c >&5
configure:19548: $? = 0
configure:19555: result: yes
configure:19566: checking limits.h usability
configure:19566: gcc -c -g -O2  conftest.c >&5
configure:19566: $? = 0
configure:19566: result: yes
configure:19566: checking limits.h presence
configure:19566: gcc -E  conftest.c
configure:19566: $? = 0
configure:19566: result: yes
configure:19566: checking for limits.h
configure:19566: result: yes
configure:19566: checking stddef.h usability
configure:19566: gcc -c -g -O2  conftest.c >&5
configure:19566: $? = 0
configure:19566: result: yes
configure:19566: checking stddef.h presence
configure:19566: gcc -E  conftest.c
configure:19566: $? = 0
configure:19566: result: yes
configure:19566: checking for stddef.h
configure:19566: result: yes
configure:19566: checking for stdint.h
configure:19566: result: yes
configure:19566: checking for stdlib.h
configure:19566: result: yes
configure:19566: checking for string.h
configure:19566: result: yes
configure:19566: checking for unistd.h
configure:19566: result: yes
configure:19578: checking for an ANSI C-conforming const
configure:19644: gcc -c -g -O2  conftest.c >&5
configure:19644: $? = 0
configure:19651: result: yes
configure:19659: checking for inline
configure:19675: gcc -c -g -O2  conftest.c >&5
configure:19675: $? = 0
configure:19683: result: inline
configure:19701: checking for pid_t
configure:19701: gcc -c -g -O2  conftest.c >&5
configure:19701: $? = 0
configure:19701: gcc -c -g -O2  conftest.c >&5
conftest.c: In function 'main':
conftest.c:66:20: error: expected expression before ')' token
configure:19701: $? = 1
configure: failed program was:
| /* confdefs.h */
| #define PACKAGE_NAME "libptrace"
| #define PACKAGE_TARNAME "libptrace"
| #define PACKAGE_VERSION "0.1"
| #define PACKAGE_STRING "libptrace 0.1"
| #define PACKAGE_BUGREPORT "scrippie@xs4all.nl"
| #define PACKAGE_URL ""
| #define PACKAGE "libptrace"
| #define VERSION "0.1"
| #define STDC_HEADERS 1
| #define HAVE_SYS_TYPES_H 1
| #define HAVE_SYS_STAT_H 1
| #define HAVE_STDLIB_H 1
| #define HAVE_STRING_H 1
| #define HAVE_MEMORY_H 1
| #define HAVE_STRINGS_H 1
| #define HAVE_INTTYPES_H 1
| #define HAVE_STDINT_H 1
| #define HAVE_UNISTD_H 1
| #define HAVE_DLFCN_H 1
| #define STDC_HEADERS 1
| #define HAVE_SYS_WAIT_H 1
| #define HAVE_LIMITS_H 1
| #define HAVE_STDDEF_H 1
| #define HAVE_STDINT_H 1
| #define HAVE_STDLIB_H 1
| #define HAVE_STRING_H 1
| #define HAVE_UNISTD_H 1
| /* end confdefs.h.  */
| #include <stdio.h>
| #ifdef HAVE_SYS_TYPES_H
| # include <sys/types.h>
| #endif
| #ifdef HAVE_SYS_STAT_H
| # include <sys/stat.h>
| #endif
| #ifdef STDC_HEADERS
| # include <stdlib.h>
| # include <stddef.h>
| #else
| # ifdef HAVE_STDLIB_H
| #  include <stdlib.h>
| # endif
| #endif
| #ifdef HAVE_STRING_H
| # if !defined STDC_HEADERS && defined HAVE_MEMORY_H
| #  include <memory.h>
| # endif
| # include <string.h>
| #endif
| #ifdef HAVE_STRINGS_H
| # include <strings.h>
| #endif
| #ifdef HAVE_INTTYPES_H
| # include <inttypes.h>
| #endif
| #ifdef HAVE_STDINT_H
| # include <stdint.h>
| #endif
| #ifdef HAVE_UNISTD_H
| # include <unistd.h>
| #endif
| int
| main ()
| {
| if (sizeof ((pid_t)))
| 	    return 0;
|   ;
|   return 0;
| }
configure:19701: result: yes
configure:19712: checking for size_t
configure:19712: gcc -c -g -O2  conftest.c >&5
configure:19712: $? = 0
configure:19712: gcc -c -g -O2  conftest.c >&5
conftest.c: In function 'main':
conftest.c:66:21: error: expected expression before ')' token
configure:19712: $? = 1
configure: failed program was:
| /* confdefs.h */
| #define PACKAGE_NAME "libptrace"
| #define PACKAGE_TARNAME "libptrace"
| #define PACKAGE_VERSION "0.1"
| #define PACKAGE_STRING "libptrace 0.1"
| #define PACKAGE_BUGREPORT "scrippie@xs4all.nl"
| #define PACKAGE_URL ""
| #define PACKAGE "libptrace"
| #define VERSION "0.1"
| #define STDC_HEADERS 1
| #define HAVE_SYS_TYPES_H 1
| #define HAVE_SYS_STAT_H 1
| #define HAVE_STDLIB_H 1
| #define HAVE_STRING_H 1
| #define HAVE_MEMORY_H 1
| #define HAVE_STRINGS_H 1
| #define HAVE_INTTYPES_H 1
| #define HAVE_STDINT_H 1
| #define HAVE_UNISTD_H 1
| #define HAVE_DLFCN_H 1
| #define STDC_HEADERS 1
| #define HAVE_SYS_WAIT_H 1
| #define HAVE_LIMITS_H 1
| #define HAVE_STDDEF_H 1
| #define HAVE_STDINT_H 1
| #define HAVE_STDLIB_H 1
| #define HAVE_STRING_H 1
| #define HAVE_UNISTD_H 1
| /* end confdefs.h.  */
| #include <stdio.h>
| #ifdef HAVE_SYS_TYPES_H
| # include <sys/types.h>
| #endif
| #ifdef HAVE_SYS_STAT_H
| # include <sys/stat.h>
| #endif
| #ifdef STDC_HEADERS
| # include <stdlib.h>
| # include <stddef.h>
| #else
| # ifdef HAVE_STDLIB_H
| #  include <stdlib.h>
| # endif
| #endif
| #ifdef HAVE_STRING_H
| # if !defined STDC_HEADERS && defined HAVE_MEMORY_H
| #  include <memory.h>
| # endif
| # include <string.h>
| #endif
| #ifdef HAVE_STRINGS_H
| # include <strings.h>
| #endif
| #ifdef HAVE_INTTYPES_H
| # include <inttypes.h>
| #endif
| #ifdef HAVE_STDINT_H
| # include <stdint.h>
| #endif
| #ifdef HAVE_UNISTD_H
| # include <unistd.h>
| #endif
| int
| main ()
| {
| if (sizeof ((size_t)))
| 	    return 0;
|   ;
|   return 0;
| }
configure:19712: result: yes
configure:19723: checking for uint8_t
configure:19723: gcc -c -g -O2  conftest.c >&5
configure:19723: $? = 0
configure:19723: result: yes
configure:19737: checking for uint16_t
configure:19737: gcc -c -g -O2  conftest.c >&5
configure:19737: $? = 0
configure:19737: result: yes
configure:19749: checking for uint32_t
configure:19749: gcc -c -g -O2  conftest.c >&5
configure:19749: $? = 0
configure:19749: result: yes
configure:19763: checking for uint64_t
configure:19763: gcc -c -g -O2  conftest.c >&5
configure:19763: $? = 0
configure:19763: result: yes
configure:19786: checking for memset
configure:19786: gcc -o conftest -g -O2 -Wall   conftest.c  >&5
conftest.c:53:6: warning: conflicting types for built-in function 'memset' [enabled by default]
configure:19786: $? = 0
configure:19786: result: yes
configure:19786: checking for strdup
configure:19786: gcc -o conftest -g -O2 -Wall   conftest.c  >&5
conftest.c:54:6: warning: conflicting types for built-in function 'strdup' [enabled by default]
configure:19786: $? = 0
configure:19786: result: yes
configure:19786: checking for strerror
configure:19786: gcc -o conftest -g -O2 -Wall   conftest.c  >&5
configure:19786: $? = 0
configure:19786: result: yes
configure:19815: checking whether we can compile MMX code
configure:19822: gcc -c -g -O2 -Wall  conftest.c >&5
configure:19822: $? = 0
configure:19826: result: yes
configure:19831: checking whether we can compile SSE code
configure:19838: gcc -c -g -O2 -Wall  conftest.c >&5
configure:19838: $? = 0
configure:19843: result: yes
configure:19893: checking sys/user.h usability
configure:19893: gcc -c -g -O2 -Wall  conftest.c >&5
configure:19893: $? = 0
configure:19893: result: yes
configure:19893: checking sys/user.h presence
configure:19893: gcc -E  conftest.c
configure:19893: $? = 0
configure:19893: result: yes
configure:19893: checking for sys/user.h
configure:19893: result: yes
configure:19905: checking sys/ptrace.h usability
configure:19905: gcc -c -g -O2 -Wall  conftest.c >&5
configure:19905: $? = 0
configure:19905: result: yes
configure:19905: checking sys/ptrace.h presence
configure:19905: gcc -E  conftest.c
configure:19905: $? = 0
configure:19905: result: yes
configure:19905: checking for sys/ptrace.h
configure:19905: result: yes
configure:19916: checking for struct user_regs_struct
configure:19916: gcc -c -g -O2 -Wall  conftest.c >&5
configure:19916: $? = 0
configure:19916: gcc -c -g -O2 -Wall  conftest.c >&5
conftest.c: In function 'main':
conftest.c:44:38: error: expected expression before ')' token
configure:19916: $? = 1
configure: failed program was:
| /* confdefs.h */
| #define PACKAGE_NAME "libptrace"
| #define PACKAGE_TARNAME "libptrace"
| #define PACKAGE_VERSION "0.1"
| #define PACKAGE_STRING "libptrace 0.1"
| #define PACKAGE_BUGREPORT "scrippie@xs4all.nl"
| #define PACKAGE_URL ""
| #define PACKAGE "libptrace"
| #define VERSION "0.1"
| #define STDC_HEADERS 1
| #define HAVE_SYS_TYPES_H 1
| #define HAVE_SYS_STAT_H 1
| #define HAVE_STDLIB_H 1
| #define HAVE_STRING_H 1
| #define HAVE_MEMORY_H 1
| #define HAVE_STRINGS_H 1
| #define HAVE_INTTYPES_H 1
| #define HAVE_STDINT_H 1
| #define HAVE_UNISTD_H 1
| #define HAVE_DLFCN_H 1
| #define STDC_HEADERS 1
| #define HAVE_SYS_WAIT_H 1
| #define HAVE_LIMITS_H 1
| #define HAVE_STDDEF_H 1
| #define HAVE_STDINT_H 1
| #define HAVE_STDLIB_H 1
| #define HAVE_STRING_H 1
| #define HAVE_UNISTD_H 1
| #define HAVE_MEMSET 1
| #define HAVE_STRDUP 1
| #define HAVE_STRERROR 1
| #define USE_MMX 1
| #define USE_SSE 1
| #define HAVE_SYS_USER_H 1
| #define HAVE_SYS_PTRACE_H 1
| /* end confdefs.h.  */
| #include <sys/types.h>
| 		  #include <sys/user.h>
| 
| 
| int
| main ()
| {
| if (sizeof ((struct user_regs_struct)))
| 	    return 0;
|   ;
|   return 0;
| }
configure:19916: result: yes
configure:19933: checking for struct user_fpregs_struct
configure:19933: gcc -c -g -O2 -Wall  conftest.c >&5
configure:19933: $? = 0
configure:19933: gcc -c -g -O2 -Wall  conftest.c >&5
conftest.c: In function 'main':
conftest.c:44:40: error: expected expression before ')' token
configure:19933: $? = 1
configure: failed program was:
| /* confdefs.h */
| #define PACKAGE_NAME "libptrace"
| #define PACKAGE_TARNAME "libptrace"
| #define PACKAGE_VERSION "0.1"
| #define PACKAGE_STRING "libptrace 0.1"
| #define PACKAGE_BUGREPORT "scrippie@xs4all.nl"
| #define PACKAGE_URL ""
| #define PACKAGE "libptrace"
| #define VERSION "0.1"
| #define STDC_HEADERS 1
| #define HAVE_SYS_TYPES_H 1
| #define HAVE_SYS_STAT_H 1
| #define HAVE_STDLIB_H 1
| #define HAVE_STRING_H 1
| #define HAVE_MEMORY_H 1
| #define HAVE_STRINGS_H 1
| #define HAVE_INTTYPES_H 1
| #define HAVE_STDINT_H 1
| #define HAVE_UNISTD_H 1
| #define HAVE_DLFCN_H 1
| #define STDC_HEADERS 1
| #define HAVE_SYS_WAIT_H 1
| #define HAVE_LIMITS_H 1
| #define HAVE_STDDEF_H 1
| #define HAVE_STDINT_H 1
| #define HAVE_STDLIB_H 1
| #define HAVE_STRING_H 1
| #define HAVE_UNISTD_H 1
| #define HAVE_MEMSET 1
| #define HAVE_STRDUP 1
| #define HAVE_STRERROR 1
| #define USE_MMX 1
| #define USE_SSE 1
| #define HAVE_SYS_USER_H 1
| #define HAVE_SYS_PTRACE_H 1
| #define HAVE_STRUCT_USER_REGS_STRUCT 1
| /* end confdefs.h.  */
| #include <sys/user.h>
| 
| 
| int
| main ()
| {
| if (sizeof ((struct user_fpregs_struct)))
| 	    return 0;
|   ;
|   return 0;
| }
configure:19933: result: yes
configure:19946: checking for struct user_fpxregs_struct
configure:19946: gcc -c -g -O2 -Wall  conftest.c >&5
conftest.c: In function 'main':
conftest.c:45:13: error: invalid application of 'sizeof' to incomplete type 'struct user_fpxregs_struct'
configure:19946: $? = 1
configure: failed program was:
| /* confdefs.h */
| #define PACKAGE_NAME "libptrace"
| #define PACKAGE_TARNAME "libptrace"
| #define PACKAGE_VERSION "0.1"
| #define PACKAGE_STRING "libptrace 0.1"
| #define PACKAGE_BUGREPORT "scrippie@xs4all.nl"
| #define PACKAGE_URL ""
| #define PACKAGE "libptrace"
| #define VERSION "0.1"
| #define STDC_HEADERS 1
| #define HAVE_SYS_TYPES_H 1
| #define HAVE_SYS_STAT_H 1
| #define HAVE_STDLIB_H 1
| #define HAVE_STRING_H 1
| #define HAVE_MEMORY_H 1
| #define HAVE_STRINGS_H 1
| #define HAVE_INTTYPES_H 1
| #define HAVE_STDINT_H 1
| #define HAVE_UNISTD_H 1
| #define HAVE_DLFCN_H 1
| #define STDC_HEADERS 1
| #define HAVE_SYS_WAIT_H 1
| #define HAVE_LIMITS_H 1
| #define HAVE_STDDEF_H 1
| #define HAVE_STDINT_H 1
| #define HAVE_STDLIB_H 1
| #define HAVE_STRING_H 1
| #define HAVE_UNISTD_H 1
| #define HAVE_MEMSET 1
| #define HAVE_STRDUP 1
| #define HAVE_STRERROR 1
| #define USE_MMX 1
| #define USE_SSE 1
| #define HAVE_SYS_USER_H 1
| #define HAVE_SYS_PTRACE_H 1
| #define HAVE_STRUCT_USER_REGS_STRUCT 1
| #define HAVE_STRUCT_USER_FPREGS_STRUCT 1
| /* end confdefs.h.  */
| #include <sys/user.h>
| 
| 
| int
| main ()
| {
| if (sizeof (struct user_fpxregs_struct))
| 	 return 0;
|   ;
|   return 0;
| }
configure:19946: result: no
configure:19959: checking whether PTRACE_GETFPXREGS is defined
configure:19973: gcc -c -g -O2 -Wall  conftest.c >&5
configure:19973: $? = 0
configure:19978: result: yes
configure:19988: checking whether PTRACE_SETFPXREGS is defined
configure:20002: gcc -c -g -O2 -Wall  conftest.c >&5
configure:20002: $? = 0
configure:20007: result: yes
configure:20226: creating ./config.status

## ---------------- ##
## Cache variables. ##
## ---------------- ##

ac_cv_build=x86_64-unknown-linux-gnu
ac_cv_c_compiler_gnu=yes
ac_cv_c_const=yes
ac_cv_c_inline=inline
ac_cv_c_uint16_t=yes
ac_cv_c_uint32_t=yes
ac_cv_c_uint64_t=yes
ac_cv_c_uint8_t=yes
ac_cv_cxx_compiler_gnu=yes
ac_cv_env_CCC_set=
ac_cv_env_CCC_value=
ac_cv_env_CC_set=
ac_cv_env_CC_value=
ac_cv_env_CFLAGS_set=
ac_cv_env_CFLAGS_value=
ac_cv_env_CPPFLAGS_set=
ac_cv_env_CPPFLAGS_value=
ac_cv_env_CPP_set=
ac_cv_env_CPP_value=
ac_cv_env_CXXCPP_set=
ac_cv_env_CXXCPP_value=
ac_cv_env_CXXFLAGS_set=
ac_cv_env_CXXFLAGS_value=
ac_cv_env_CXX_set=
ac_cv_env_CXX_value=
ac_cv_env_F77_set=
ac_cv_env_F77_value=
ac_cv_env_FFLAGS_set=
ac_cv_env_FFLAGS_value=
ac_cv_env_LDFLAGS_set=
ac_cv_env_LDFLAGS_value=
ac_cv_env_LIBS_set=
ac_cv_env_LIBS_value=
ac_cv_env_build_alias_set=
ac_cv_env_build_alias_value=
ac_cv_env_host_alias_set=
ac_cv_env_host_alias_value=
ac_cv_env_target_alias_set=
ac_cv_env_target_alias_value=
ac_cv_f77_compiler_gnu=no
ac_cv_func_memset=yes
ac_cv_func_strdup=yes
ac_cv_func_strerror=yes
ac_cv_header_dlfcn_h=yes
ac_cv_header_inttypes_h=yes
ac_cv_header_limits_h=yes
ac_cv_header_memory_h=yes
ac_cv_header_stdc=yes
ac_cv_header_stddef_h=yes
ac_cv_header_stdint_h=yes
ac_cv_header_stdlib_h=yes
ac_cv_header_string_h=yes
ac_cv_header_strings_h=yes
ac_cv_header_sys_ptrace_h=yes
ac_cv_header_sys_stat_h=yes
ac_cv_header_sys_types_h=yes
ac_cv_header_sys_user_h=yes
ac_cv_header_sys_wait_h=yes
ac_cv_header_unistd_h=yes
ac_cv_host=x86_64-unknown-linux-gnu
ac_cv_objext=o
ac_cv_path_EGREP='/bin/grep -E'
ac_cv_path_GREP=/bin/grep
ac_cv_path_install='/usr/bin/install -c'
ac_cv_path_mkdir=/bin/mkdir
ac_cv_prog_AWK=mawk
ac_cv_prog_CPP='gcc -E'
ac_cv_prog_CXXCPP='g++ -E'
ac_cv_prog_ac_ct_AR=ar
ac_cv_prog_ac_ct_CC=gcc
ac_cv_prog_ac_ct_CXX=g++
ac_cv_prog_ac_ct_DLLTOOL=dlltool
ac_cv_prog_ac_ct_RANLIB=ranlib
ac_cv_prog_ac_ct_STRIP=strip
ac_cv_prog_cc_c89=
ac_cv_prog_cc_g=yes
ac_cv_prog_cxx_g=yes
ac_cv_prog_f77_g=no
ac_cv_prog_make_make_set=yes
ac_cv_target=x86_64-unknown-linux-gnu
ac_cv_type_pid_t=yes
ac_cv_type_size_t=yes
ac_cv_type_struct_user_fpregs_struct=yes
ac_cv_type_struct_user_fpxregs_struct=no
ac_cv_type_struct_user_regs_struct=yes
am_cv_CC_dependencies_compiler_type=gcc3
am_cv_CXX_dependencies_compiler_type=gcc3
lt_cv_deplibs_check_method=pass_all
lt_cv_file_magic_cmd='$MAGIC_CMD'
lt_cv_file_magic_test_file=
lt_cv_ld_reload_flag=-r
lt_cv_objdir=.libs
lt_cv_path_LD=/usr/bin/ld
lt_cv_path_LDCXX='/usr/bin/ld -m elf_x86_64'
lt_cv_path_NM='/usr/bin/nm -B'
lt_cv_path_SED=/bin/sed
lt_cv_prog_compiler_c_o=yes
lt_cv_prog_compiler_c_o_CXX=yes
lt_cv_prog_compiler_pic_works=yes
lt_cv_prog_compiler_pic_works_CXX=yes
lt_cv_prog_compiler_rtti_exceptions=no
lt_cv_prog_compiler_static_works=yes
lt_cv_prog_compiler_static_works_CXX=yes
lt_cv_prog_gnu_ld=yes
lt_cv_prog_gnu_ldcxx=yes
lt_cv_sys_global_symbol_pipe='sed -n -e '\''s/^.*[ 	]\([ABCDGIRSTW][ABCDGIRSTW]*\)[ 	][ 	]*\([_A-Za-z][_A-Za-z0-9]*\)$/\1 \2 \2/p'\'''
lt_cv_sys_global_symbol_to_c_name_address='sed -n -e '\''s/^: \([^ ]*\) $/  {\"\1\", (lt_ptr) 0},/p'\'' -e '\''s/^[BCDEGRST] \([^ ]*\) \([^ ]*\)$/  {"\2", (lt_ptr) \&\2},/p'\'''
lt_cv_sys_global_symbol_to_cdecl='sed -n -e '\''s/^. .* \(.*\)$/extern int \1;/p'\'''
lt_cv_sys_lib_dlsearch_path_spec='/lib /usr/lib /usr/lib/i386-linux-gnu/mesa /lib/i386-linux-gnu /usr/lib/i386-linux-gnu /lib/i686-linux-gnu /usr/lib/i686-linux-gnu /usr/local/lib /lib/x86_64-linux-gnu /usr/lib/x86_64-linux-gnu /usr/lib/x86_64-linux-gnu/mesa-egl /usr/lib/x86_64-linux-gnu/mesa /lib32 /usr/lib32 /libx32 /usr/libx32 '
lt_cv_sys_lib_search_path_spec='/usr/lib/gcc/x86_64-linux-gnu/4.7 /usr/lib/x86_64-linux-gnu /usr/lib /lib/x86_64-linux-gnu /lib'
lt_cv_sys_max_cmd_len=3458764513820540925
lt_lt_cv_prog_compiler_c_o='"yes"'
lt_lt_cv_prog_compiler_c_o_CXX='"yes"'
lt_lt_cv_sys_global_symbol_pipe='"sed -n -e '\''s/^.*[ 	]\\([ABCDGIRSTW][ABCDGIRSTW]*\\)[ 	][ 	]*\\([_A-Za-z][_A-Za-z0-9]*\\)\$/\\1 \\2 \\2/p'\''"'
lt_lt_cv_sys_global_symbol_to_c_name_address='"sed -n -e '\''s/^: \\([^ ]*\\) \$/  {\\\"\\1\\\", (lt_ptr) 0},/p'\'' -e '\''s/^[BCDEGRST] \\([^ ]*\\) \\([^ ]*\\)\$/  {\"\\2\", (lt_ptr) \\&\\2},/p'\''"'
lt_lt_cv_sys_global_symbol_to_cdecl='"sed -n -e '\''s/^. .* \\(.*\\)\$/extern int \\1;/p'\''"'

## ----------------- ##
## Output variables. ##
## ----------------- ##

ACLOCAL='${SHELL} /home/elfmaster/quenya32bit/libptrace/missing --run aclocal-1.10'
AMDEPBACKSLASH='\'
AMDEP_FALSE='#'
AMDEP_TRUE=''
AMTAR='${SHELL} /home/elfmaster/quenya32bit/libptrace/missing --run tar'
AR='ar'
AUTOCONF='${SHELL} /home/elfmaster/quenya32bit/libptrace/missing --run autoconf'
AUTOHEADER='${SHELL} /home/elfmaster/quenya32bit/libptrace/missing --run autoheader'
AUTOMAKE='${SHELL} /home/elfmaster/quenya32bit/libptrace/missing --run automake-1.10'
AWK='mawk'
CC='gcc'
CCDEPMODE='depmode=gcc3'
CFLAGS='-g -O2 -Wall'
CPP='gcc -E'
CPPFLAGS=''
CXX='g++'
CXXCPP='g++ -E'
CXXDEPMODE='depmode=gcc3'
CXXFLAGS='-g -O2'
CYGPATH_W='echo'
DEFS='-DHAVE_CONFIG_H'
DEPDIR='.deps'
DLLTOOL='dlltool'
DSYMUTIL=''
ECHO='echo'
ECHO_C=''
ECHO_N='-n'
ECHO_T=''
EGREP='/bin/grep -E'
EXEEXT=''
F77=''
FFLAGS=''
GREP='/bin/grep'
INSTALL_DATA='${INSTALL} -m 644'
INSTALL_PROGRAM='${INSTALL}'
INSTALL_SCRIPT='${INSTALL}'
INSTALL_STRIP_PROGRAM='$(install_sh) -c -s'
LDFLAGS=''
LIBOBJS=''
LIBS=''
LIBTOOL='$(SHELL) $(top_builddir)/libtool'
LN_S='ln -s'
LTLIBOBJS=''
MAKEINFO='${SHELL} /home/elfmaster/quenya32bit/libptrace/missing --run makeinfo'
MKDIR_P='/bin/mkdir -p'
NMEDIT=''
OBJEXT='o'
PACKAGE='libptrace'
PACKAGE_BUGREPORT='scrippie@xs4all.nl'
PACKAGE_NAME='libptrace'
PACKAGE_STRING='libptrace 0.1'
PACKAGE_TARNAME='libptrace'
PACKAGE_URL=''
PACKAGE_VERSION='0.1'
PATH_SEPARATOR=':'
RANLIB='ranlib'
SED='/bin/sed'
SET_MAKE=''
SHELL='/bin/bash'
STRIP='strip'
TARGET_I386_FALSE=''
TARGET_I386_TRUE='#'
TARGET_LINUX_FALSE='#'
TARGET_LINUX_TRUE=''
TARGET_WINDOWS_FALSE=''
TARGET_WINDOWS_TRUE='#'
TARGET_X86_64_FALSE='#'
TARGET_X86_64_TRUE=''
USE_MMX_FALSE='#'
USE_MMX_TRUE=''
USE_SSE_FALSE='#'
USE_SSE_TRUE=''
VERSION='0.1'
ac_ct_CC='gcc'
ac_ct_CXX='g++'
ac_ct_F77=''
am__fastdepCC_FALSE='#'
am__fastdepCC_TRUE=''
am__fastdepCXX_FALSE='#'
am__fastdepCXX_TRUE=''
am__include='include'
am__isrc=''
am__leading_dot='.'
am__quote=''
am__tar='${AMTAR} chof - "$$tardir"'
am__untar='${AMTAR} xf -'
bindir='${exec_prefix}/bin'
build='x86_64-unknown-linux-gnu'
build_alias=''
build_cpu='x86_64'
build_os='linux-gnu'
build_vendor='unknown'
datadir='${datarootdir}'
datarootdir='${prefix}/share'
docdir='${datarootdir}/doc/${PACKAGE_TARNAME}'
dvidir='${docdir}'
exec_prefix='${prefix}'
host='x86_64-unknown-linux-gnu'
host_alias=''
host_cpu='x86_64'
host_os='linux-gnu'
host_vendor='unknown'
htmldir='${docdir}'
includedir='${prefix}/include'
infodir='${datarootdir}/info'
install_sh='$(SHELL) /home/elfmaster/quenya32bit/libptrace/install-sh'
libdir='${exec_prefix}/lib'
libexecdir='${exec_prefix}/libexec'
localedir='${datarootdir}/locale'
localstatedir='${prefix}/var'
mandir='${datarootdir}/man'
mkdir_p='/bin/mkdir -p'
oldincludedir='/usr/include'
pdfdir='${docdir}'
prefix='/usr/local'
program_transform_name='s,x,x,'
psdir='${docdir}'
sbindir='${exec_prefix}/sbin'
sharedstatedir='${prefix}/com'
sysconfdir='${prefix}/etc'
target='x86_64-unknown-linux-gnu'
target_alias=''
target_cpu='x86_64'
target_os='linux-gnu'
target_vendor='unknown'

## ----------- ##
## confdefs.h. ##
## ----------- ##

/* confdefs.h */
#define PACKAGE_NAME "libptrace"
#define PACKAGE_TARNAME "libptrace"
#define PACKAGE_VERSION "0.1"
#define PACKAGE_STRING "libptrace 0.1"
#define PACKAGE_BUGREPORT "scrippie@xs4all.nl"
#define PACKAGE_URL ""
#define PACKAGE "libptrace"
#define VERSION "0.1"
#define STDC_HEADERS 1
#define HAVE_SYS_TYPES_H 1
#define HAVE_SYS_STAT_H 1
#define HAVE_STDLIB_H 1
#define HAVE_STRING_H 1
#define HAVE_MEMORY_H 1
#define HAVE_STRINGS_H 1
#define HAVE_INTTYPES_H 1
#define HAVE_STDINT_H 1
#define HAVE_UNISTD_H 1
#define HAVE_DLFCN_H 1
#define STDC_HEADERS 1
#define HAVE_SYS_WAIT_H 1
#define HAVE_LIMITS_H 1
#define HAVE_STDDEF_H 1
#define HAVE_STDINT_H 1
#define HAVE_STDLIB_H 1
#define HAVE_STRING_H 1
#define HAVE_UNISTD_H 1
#define HAVE_MEMSET 1
#define HAVE_STRDUP 1
#define HAVE_STRERROR 1
#define USE_MMX 1
#define USE_SSE 1
#define HAVE_SYS_USER_H 1
#define HAVE_SYS_PTRACE_H 1
#define HAVE_STRUCT_USER_REGS_STRUCT 1
#define HAVE_STRUCT_USER_FPREGS_STRUCT 1
#define HAVE_PTRACE_GETFPXREGS 1
#define HAVE_PTRACE_SETFPXREGS 1
#define LIBPTRACE_GETFPUSTATE PTRACE_GETFPREGS
#define LIBPTRACE_SETFPUSTATE PTRACE_SETFPREGS

configure: exit 0

## ---------------------- ##
## Running config.status. ##
## ---------------------- ##

This file was extended by libptrace config.status 0.1, which was
generated by GNU Autoconf 2.69.  Invocation command line was

  CONFIG_FILES    = 
  CONFIG_HEADERS  = 
  CONFIG_LINKS    = 
  CONFIG_COMMANDS = 
  $ ./config.status 

on Ox31337

config.status:915: creating Makefile
config.status:915: creating src/Makefile
config.status:901: error: cannot find input file: `tests/linux/Makefile.in'

## ---------------------- ##
## Running config.status. ##
## ---------------------- ##

This file was extended by libptrace config.status 0.1, which was
generated by GNU Autoconf 2.69.  Invocation command line was

  CONFIG_FILES    = 
  CONFIG_HEADERS  = 
  CONFIG_LINKS    = 
  CONFIG_COMMANDS = 
  $ ./config.status config.h

on Ox31337

config.status:915: creating config.h
